2025-02-16 17:15:57,666:main:INFO: {'code': 0, 'success': True, 'out': '/home/df09/init/projects/works/glass/_eng', 'err': False}
17:15:57 [31m[-][0m ..y:42:[31mverbose_print() Run cmd:
  [31m0:[0m cp -r ../data/users/_default ../data/users/test
17:15:57 [31m[-][0m ..y:43:[31mverbose_print() Return cmd [code]:
  [31m0:[0m    1
17:15:57 [31m[-][0m ..y:44:[31mverbose_print() Return cmd [std_err]:
  [31m0:[0m cp: cannot stat '../data/users/_default': No such file or directory
17:15:57 [31m[-][0m ..y:45:[31mverbose_print() Return cmd [std_out]:
  [31m0:[0m "" <class 'str'>
2025-02-16 17:59:46,422:main:INFO: {'code': 0, 'success': True, 'out': '/home/df09/init/projects/works/glass/_eng', 'err': False}
17:59:46 [31m[-][0m ..y:42:[31mverbose_print() Run cmd:
  [31m0:[0m cp -r ../data/users/_default ../data/users/test
17:59:46 [31m[-][0m ..y:43:[31mverbose_print() Return cmd [code]:
  [31m0:[0m    1
17:59:46 [31m[-][0m ..y:44:[31mverbose_print() Return cmd [std_err]:
  [31m0:[0m cp: cannot stat '../data/users/_default': No such file or directory
17:59:46 [31m[-][0m ..y:45:[31mverbose_print() Return cmd [std_out]:
  [31m0:[0m "" <class 'str'>
2025-02-16 18:00:00,654:main:INFO: {'code': 0, 'success': True, 'out': '/home/df09/init/projects/works/glass/_eng', 'err': False}
18:00:00 [31m[-][0m ..y:42:[31mverbose_print() Run cmd:
  [31m0:[0m cp -r ../data/users/_default ../data/users/asdf
18:00:00 [31m[-][0m ..y:43:[31mverbose_print() Return cmd [code]:
  [31m0:[0m    1
18:00:00 [31m[-][0m ..y:44:[31mverbose_print() Return cmd [std_err]:
  [31m0:[0m cp: cannot stat '../data/users/_default': No such file or directory
18:00:00 [31m[-][0m ..y:45:[31mverbose_print() Return cmd [std_out]:
  [31m0:[0m "" <class 'str'>
2025-02-16 18:00:43,255:main:INFO: {'code': 0, 'success': True, 'out': '/home/df09/init/projects/works/glass/_eng', 'err': False}
2025-02-16 18:01:03,744:main:INFO: {'code': 0, 'success': True, 'out': '/home/df09/init/projects/works/glass/_eng', 'err': False}
2025-02-16 18:01:32,942:main:INFO: {'code': 0, 'success': True, 'out': '/home/df09/init/projects/works/glass/_eng', 'err': False}
2025-02-16 18:02:36,780:main:INFO: {'code': 0, 'success': True, 'out': '/home/df09/init/projects/works/glass/_eng', 'err': False}
2025-02-16 18:06:00,566:main:INFO: 1
2025-02-16 18:06:00,569:main:INFO: 2
2025-02-16 18:07:37,740:main:INFO: 1
2025-02-16 18:07:37,740:main:INFO: df09
2025-02-16 18:07:37,740:main:INFO: asdff
2025-02-16 18:07:37,740:main:INFO: 2
2025-02-16 18:08:18,716:main:INFO: 1
2025-02-16 18:08:18,716:main:INFO: df09
2025-02-16 18:08:18,717:main:INFO: asdff
2025-02-16 18:08:18,717:main:INFO: 2
2025-02-16 18:08:18,717:main:INFO: 3
2025-02-16 18:08:18,718:main:INFO: $2b$12$ID7DCeGzEw1quoxAnY4Hc.DjE/YJy2TH5lmqRcUq6qBaXRgNxpfSO
2025-02-16 18:08:18,942:main:INFO: 4
2025-02-16 18:40:14,673:main:INFO: [{'id': 33, 'category_eng': 'Personal Pronouns, subject form', 'category_ru': 'личные местоимения, именительный падеж', 'pronoun': 'you (personal-subject/plural)', 'pronoun_clean': 'you', 'pronoun_details': 'personal-subject/plural', 'ipa': '/juː/', 'translation': 'вы', 'translation_clean': 'вы', 'translation_details': '', 'number': 'plural', 'person': 2, 'example_eng': 'Are you ready for the meeting?', 'example_ru': 'Вы готовы к встрече?', 'is_suspicious': 0, 'estimate': 'F', 'points': 0}, {'id': 13, 'category_eng': 'Personal Pronouns, subject form', 'category_ru': 'личные местоимения, именительный падеж', 'pronoun': 'he', 'pronoun_clean': 'he', 'pronoun_details': '', 'ipa': '/hiː/', 'translation': 'он', 'translation_clean': 'он', 'translation_details': '', 'number': 'singular', 'person': 3, 'example_eng': 'He will help you.', 'example_ru': 'Он поможет тебе.', 'is_suspicious': 0, 'estimate': 'F', 'points': 0}, {'id': 27, 'category_eng': 'Personal Pronouns, subject form', 'category_ru': 'личные местоимения, именительный падеж', 'pronoun': 'we', 'pronoun_clean': 'we', 'pronoun_details': '', 'ipa': '/wiː/', 'translation': 'мы', 'translation_clean': 'мы', 'translation_details': '', 'number': 'plural', 'person': 1, 'example_eng': 'We like this place.', 'example_ru': 'Нам нравится это место.', 'is_suspicious': 0, 'estimate': 'F', 'points': 0}, {'id': 18, 'category_eng': 'Personal Pronouns, subject form', 'category_ru': 'личные местоимения, именительный падеж', 'pronoun': 'she', 'pronoun_clean': 'she', 'pronoun_details': '', 'ipa': '/ʃiː/', 'translation': 'она', 'translation_clean': 'она', 'translation_details': '', 'number': 'singular', 'person': 3, 'example_eng': 'She is reading a book.', 'example_ru': 'Она читает книгу.', 'is_suspicious': 0, 'estimate': 'F', 'points': 0}, {'id': 37, 'category_eng': 'Personal Pronouns, subject form', 'category_ru': 'личные местоимения, именительный падеж', 'pronoun': 'they', 'pronoun_clean': 'they', 'pronoun_details': '', 'ipa': '/ðeɪ/', 'translation': 'они', 'translation_clean': 'они', 'translation_details': '', 'number': 'plural', 'person': 3, 'example_eng': 'They have a big house.', 'example_ru': 'У них большой дом.', 'is_suspicious': 0, 'estimate': 'F', 'points': 0}, {'id': 31, 'category_eng': 'Personal Pronouns, subject form', 'category_ru': 'личные местоимения, именительный падеж', 'pronoun': 'you (personal-subject/plural)', 'pronoun_clean': 'you', 'pronoun_details': 'personal-subject/plural', 'ipa': '/juː/', 'translation': 'вы', 'translation_clean': 'вы', 'translation_details': '', 'number': 'plural', 'person': 2, 'example_eng': 'You should try this.', 'example_ru': 'Вы должны попробовать это.', 'is_suspicious': 0, 'estimate': 'F', 'points': 0}, {'id': 5, 'category_eng': 'Personal Pronouns, subject form', 'category_ru': 'личные местоимения, именительный падеж', 'pronoun': 'you(personal-subject/singular)', 'pronoun_clean': 'you', 'pronoun_details': 'personal-subject/singular', 'ipa': '/juː/', 'translation': 'ты', 'translation_clean': 'ты', 'translation_details': '', 'number': 'singular', 'person': 2, 'example_eng': 'You are my friend.', 'example_ru': 'Ты мой друг.', 'is_suspicious': 0, 'estimate': 'F', 'points': 0}, {'id': 3, 'category_eng': 'Personal Pronouns, subject form', 'category_ru': 'личные местоимения, именительный падеж', 'pronoun': 'I', 'pronoun_clean': 'I', 'pronoun_details': '', 'ipa': '/aɪ/', 'translation': 'я', 'translation_clean': 'я', 'translation_details': '', 'number': 'singular', 'person': 1, 'example_eng': "I don't understand this.", 'example_ru': 'Я этого не понимаю.', 'is_suspicious': 0, 'estimate': 'F', 'points': 0}, {'id': 25, 'category_eng': 'Personal Pronouns, subject form', 'category_ru': 'личные местоимения, именительный падеж', 'pronoun': 'we', 'pronoun_clean': 'we', 'pronoun_details': '', 'ipa': '/wiː/', 'translation': 'мы', 'translation_clean': 'мы', 'translation_details': '', 'number': 'plural', 'person': 1, 'example_eng': 'We are happy.', 'example_ru': 'Мы счастливы.', 'is_suspicious': 0, 'estimate': 'F', 'points': 0}, {'id': 26, 'category_eng': 'Personal Pronouns, subject form', 'category_ru': 'личные местоимения, именительный падеж', 'pronoun': 'we', 'pronoun_clean': 'we', 'pronoun_details': '', 'ipa': '/wiː/', 'translation': 'мы', 'translation_clean': 'мы', 'translation_details': '', 'number': 'plural', 'person': 1, 'example_eng': 'We will meet tomorrow.', 'example_ru': 'Мы встретимся завтра.', 'is_suspicious': 0, 'estimate': 'F', 'points': 0}, {'id': 17, 'category_eng': 'Personal Pronouns, subject form', 'category_ru': 'личные местоимения, именительный падеж', 'pronoun': 'she', 'pronoun_clean': 'she', 'pronoun_details': '', 'ipa': '/ʃiː/', 'translation': 'она', 'translation_clean': 'она', 'translation_details': '', 'number': 'singular', 'person': 3, 'example_eng': 'She told me the truth.', 'example_ru': 'Она сказала мне правду.', 'is_suspicious': 0, 'estimate': 'F', 'points': 0}, {'id': 8, 'category_eng': 'Personal Pronouns, subject form', 'category_ru': 'личные местоимения, именительный падеж', 'pronoun': 'you(personal-subject/singular)', 'pronoun_clean': 'you', 'pronoun_details': 'personal-subject/singular', 'ipa': '/juː/', 'translation': 'ты', 'translation_clean': 'ты', 'translation_details': '', 'number': 'singular', 'person': 2, 'example_eng': 'Are you coming with us?', 'example_ru': 'Ты пойдёшь с нами?', 'is_suspicious': 0, 'estimate': 'F', 'points': 0}, {'id': 7, 'category_eng': 'Personal Pronouns, subject form', 'category_ru': 'личные местоимения, именительный падеж', 'pronoun': 'you(personal-subject/singular)', 'pronoun_clean': 'you', 'pronoun_details': 'personal-subject/singular', 'ipa': '/juː/', 'translation': 'ты', 'translation_clean': 'ты', 'translation_details': '', 'number': 'singular', 'person': 2, 'example_eng': 'You look tired.', 'example_ru': 'Ты выглядишь уставшим.', 'is_suspicious': 0, 'estimate': 'F', 'points': 0}, {'id': 36, 'category_eng': 'Personal Pronouns, subject form', 'category_ru': 'личные местоимения, именительный падеж', 'pronoun': 'they', 'pronoun_clean': 'they', 'pronoun_details': '', 'ipa': '/ðeɪ/', 'translation': 'они', 'translation_clean': 'они', 'translation_details': '', 'number': 'plural', 'person': 3, 'example_eng': 'They work together.', 'example_ru': 'Они работают вместе.', 'is_suspicious': 0, 'estimate': 'F', 'points': 0}, {'id': 34, 'category_eng': 'Personal Pronouns, subject form', 'category_ru': 'личные местоимения, именительный падеж', 'pronoun': 'you (personal-subject/plural)', 'pronoun_clean': 'you', 'pronoun_details': 'personal-subject/plural', 'ipa': '/juː/', 'translation': 'вы', 'translation_clean': 'вы', 'translation_details': '', 'number': 'plural', 'person': 2, 'example_eng': 'You did a great job.', 'example_ru': 'Вы отлично справились.', 'is_suspicious': 0, 'estimate': 'F', 'points': 0}, {'id': 6, 'category_eng': 'Personal Pronouns, subject form', 'category_ru': 'личные местоимения, именительный падеж', 'pronoun': 'you(personal-subject/singular)', 'pronoun_clean': 'you', 'pronoun_details': 'personal-subject/singular', 'ipa': '/juː/', 'translation': 'ты', 'translation_clean': 'ты', 'translation_details': '', 'number': 'singular', 'person': 2, 'example_eng': 'You can do it.', 'example_ru': 'Ты можешь это сделать.', 'is_suspicious': 0, 'estimate': 'F', 'points': 0}, {'id': 32, 'category_eng': 'Personal Pronouns, subject form', 'category_ru': 'личные местоимения, именительный падеж', 'pronoun': 'you (personal-subject/plural)', 'pronoun_clean': 'you', 'pronoun_details': 'personal-subject/plural', 'ipa': '/juː/', 'translation': 'вы', 'translation_clean': 'вы', 'translation_details': '', 'number': 'plural', 'person': 2, 'example_eng': 'You are very polite.', 'example_ru': 'Вы очень вежливы.', 'is_suspicious': 0, 'estimate': 'F', 'points': 0}, {'id': 4, 'category_eng': 'Personal Pronouns, subject form', 'category_ru': 'личные местоимения, именительный падеж', 'pronoun': 'I', 'pronoun_clean': 'I', 'pronoun_details': '', 'ipa': '/aɪ/', 'translation': 'я', 'translation_clean': 'я', 'translation_details': '', 'number': 'singular', 'person': 1, 'example_eng': 'I need help.', 'example_ru': 'Мне нужна помощь.', 'is_suspicious': 0, 'estimate': 'F', 'points': 0}, {'id': 12, 'category_eng': 'Personal Pronouns, subject form', 'category_ru': 'личные местоимения, именительный падеж', 'pronoun': 'he', 'pronoun_clean': 'he', 'pronoun_details': '', 'ipa': '/hiː/', 'translation': 'он', 'translation_clean': 'он', 'translation_details': '', 'number': 'singular', 'person': 3, 'example_eng': 'He likes pizza.', 'example_ru': 'Он любит пиццу.', 'is_suspicious': 0, 'estimate': 'F', 'points': 0}, {'id': 28, 'category_eng': 'Personal Pronouns, subject form', 'category_ru': 'личные местоимения, именительный падеж', 'pronoun': 'we', 'pronoun_clean': 'we', 'pronoun_details': '', 'ipa': '/wiː/', 'translation': 'мы', 'translation_clean': 'мы', 'translation_details': '', 'number': 'plural', 'person': 1, 'example_eng': 'We are going to the park.', 'example_ru': 'Мы идём в парк.', 'is_suspicious': 0, 'estimate': 'F', 'points': 0}, {'id': 14, 'category_eng': 'Personal Pronouns, subject form', 'category_ru': 'личные местоимения, именительный падеж', 'pronoun': 'he', 'pronoun_clean': 'he', 'pronoun_details': '', 'ipa': '/hiː/', 'translation': 'он', 'translation_clean': 'он', 'translation_details': '', 'number': 'singular', 'person': 3, 'example_eng': 'He went to the store.', 'example_ru': 'Он пошел в магазин.', 'is_suspicious': 0, 'estimate': 'F', 'points': 0}, {'id': 16, 'category_eng': 'Personal Pronouns, subject form', 'category_ru': 'личные местоимения, именительный падеж', 'pronoun': 'she', 'pronoun_clean': 'she', 'pronoun_details': '', 'ipa': '/ʃiː/', 'translation': 'она', 'translation_clean': 'она', 'translation_details': '', 'number': 'singular', 'person': 3, 'example_eng': 'She is very kind.', 'example_ru': 'Она очень добрая.', 'is_suspicious': 0, 'estimate': 'F', 'points': 0}, {'id': 19, 'category_eng': 'Personal Pronouns, subject form', 'category_ru': 'личные местоимения, именительный падеж', 'pronoun': 'she', 'pronoun_clean': 'she', 'pronoun_details': '', 'ipa': '/ʃiː/', 'translation': 'она', 'translation_clean': 'она', 'translation_details': '', 'number': 'singular', 'person': 3, 'example_eng': 'She lives nearby.', 'example_ru': 'Она живёт рядом.', 'is_suspicious': 0, 'estimate': 'F', 'points': 0}, {'id': 20, 'category_eng': 'Personal Pronouns, subject form', 'category_ru': 'личные местоимения, именительный падеж', 'pronoun': 'it(personal-subject)', 'pronoun_clean': 'it', 'pronoun_details': 'personal-subject', 'ipa': '/ɪt/', 'translation': 'оно', 'translation_clean': 'оно', 'translation_details': '', 'number': 'singular', 'person': 3, 'example_eng': 'It is raining.', 'example_ru': 'Идёт дождь.', 'is_suspicious': 0, 'estimate': 'F', 'points': 0}, {'id': 15, 'category_eng': 'Personal Pronouns, subject form', 'category_ru': 'личные местоимения, именительный падеж', 'pronoun': 'she', 'pronoun_clean': 'she', 'pronoun_details': '', 'ipa': '/ʃiː/', 'translation': 'она', 'translation_clean': 'она', 'translation_details': '', 'number': 'singular', 'person': 3, 'example_eng': 'She loves coffee.', 'example_ru': 'Она любит кофе.', 'is_suspicious': 0, 'estimate': 'F', 'points': 0}, {'id': 9, 'category_eng': 'Personal Pronouns, subject form', 'category_ru': 'личные местоимения, именительный падеж', 'pronoun': 'you(personal-subject/singular)', 'pronoun_clean': 'you', 'pronoun_details': 'personal-subject/singular', 'ipa': '/juː/', 'translation': 'ты', 'translation_clean': 'ты', 'translation_details': '', 'number': 'singular', 'person': 2, 'example_eng': 'You forgot your keys.', 'example_ru': 'Ты забыл свои ключи.', 'is_suspicious': 0, 'estimate': 'F', 'points': 0}, {'id': 10, 'category_eng': 'Personal Pronouns, subject form', 'category_ru': 'личные местоимения, именительный падеж', 'pronoun': 'he', 'pronoun_clean': 'he', 'pronoun_details': '', 'ipa': '/hiː/', 'translation': 'он', 'translation_clean': 'он', 'translation_details': '', 'number': 'singular', 'person': 3, 'example_eng': 'He is a teacher.', 'example_ru': 'Он учитель.', 'is_suspicious': 0, 'estimate': 'F', 'points': 0}, {'id': 22, 'category_eng': 'Personal Pronouns, subject form', 'category_ru': 'личные местоимения, именительный падеж', 'pronoun': 'it(personal-subject)', 'pronoun_clean': 'it', 'pronoun_details': 'personal-subject', 'ipa': '/ɪt/', 'translation': 'оно', 'translation_clean': 'оно', 'translation_details': '', 'number': 'singular', 'person': 3, 'example_eng': 'It is very expensive.', 'example_ru': 'Оно очень дорого.', 'is_suspicious': 0, 'estimate': 'F', 'points': 0}, {'id': 24, 'category_eng': 'Personal Pronouns, subject form', 'category_ru': 'личные местоимения, именительный падеж', 'pronoun': 'it(personal-subject)', 'pronoun_clean': 'it', 'pronoun_details': 'personal-subject', 'ipa': '/ɪt/', 'translation': 'оно', 'translation_clean': 'оно', 'translation_details': '', 'number': 'singular', 'person': 3, 'example_eng': 'It is a good idea.', 'example_ru': 'Это хорошая идея.', 'is_suspicious': 0, 'estimate': 'F', 'points': 0}, {'id': 0, 'category_eng': 'Personal Pronouns, subject form', 'category_ru': 'личные местоимения, именительный падеж', 'pronoun': 'I', 'pronoun_clean': 'I', 'pronoun_details': '', 'ipa': '/aɪ/', 'translation': 'я', 'translation_clean': 'я', 'translation_details': '', 'number': 'singular', 'person': 1, 'example_eng': 'I am here.', 'example_ru': 'Я здесь.', 'is_suspicious': 0, 'estimate': 'F', 'points': 0}]
2025-02-16 18:47:34,794:main:INFO: [{'id': 4, 'category_eng': 'Personal Pronouns, subject form', 'category_ru': 'личные местоимения, именительный падеж', 'pronoun': 'I', 'pronoun_clean': 'I', 'pronoun_details': '', 'ipa': '/aɪ/', 'translation': 'я', 'translation_clean': 'я', 'translation_details': '', 'number': 'singular', 'person': 1, 'example_eng': 'I need help.', 'example_ru': 'Мне нужна помощь.', 'is_suspicious': 0, 'estimate': 'F', 'points': 0}, {'id': 13, 'category_eng': 'Personal Pronouns, subject form', 'category_ru': 'личные местоимения, именительный падеж', 'pronoun': 'he', 'pronoun_clean': 'he', 'pronoun_details': '', 'ipa': '/hiː/', 'translation': 'он', 'translation_clean': 'он', 'translation_details': '', 'number': 'singular', 'person': 3, 'example_eng': 'He will help you.', 'example_ru': 'Он поможет тебе.', 'is_suspicious': 0, 'estimate': 'F', 'points': 0}, {'id': 3, 'category_eng': 'Personal Pronouns, subject form', 'category_ru': 'личные местоимения, именительный падеж', 'pronoun': 'I', 'pronoun_clean': 'I', 'pronoun_details': '', 'ipa': '/aɪ/', 'translation': 'я', 'translation_clean': 'я', 'translation_details': '', 'number': 'singular', 'person': 1, 'example_eng': "I don't understand this.", 'example_ru': 'Я этого не понимаю.', 'is_suspicious': 0, 'estimate': 'F', 'points': 0}, {'id': 20, 'category_eng': 'Personal Pronouns, subject form', 'category_ru': 'личные местоимения, именительный падеж', 'pronoun': 'it(personal-subject)', 'pronoun_clean': 'it', 'pronoun_details': 'personal-subject', 'ipa': '/ɪt/', 'translation': 'оно', 'translation_clean': 'оно', 'translation_details': '', 'number': 'singular', 'person': 3, 'example_eng': 'It is raining.', 'example_ru': 'Идёт дождь.', 'is_suspicious': 0, 'estimate': 'F', 'points': 0}, {'id': 1, 'category_eng': 'Personal Pronouns, subject form', 'category_ru': 'личные местоимения, именительный падеж', 'pronoun': 'I', 'pronoun_clean': 'I', 'pronoun_details': '', 'ipa': '/aɪ/', 'translation': 'я', 'translation_clean': 'я', 'translation_details': '', 'number': 'singular', 'person': 1, 'example_eng': 'I like coffee.', 'example_ru': 'Мне нравится кофе.', 'is_suspicious': 0, 'estimate': 'F', 'points': 0}, {'id': 34, 'category_eng': 'Personal Pronouns, subject form', 'category_ru': 'личные местоимения, именительный падеж', 'pronoun': 'you (personal-subject/plural)', 'pronoun_clean': 'you', 'pronoun_details': 'personal-subject/plural', 'ipa': '/juː/', 'translation': 'вы', 'translation_clean': 'вы', 'translation_details': '', 'number': 'plural', 'person': 2, 'example_eng': 'You did a great job.', 'example_ru': 'Вы отлично справились.', 'is_suspicious': 0, 'estimate': 'F', 'points': 0}, {'id': 19, 'category_eng': 'Personal Pronouns, subject form', 'category_ru': 'личные местоимения, именительный падеж', 'pronoun': 'she', 'pronoun_clean': 'she', 'pronoun_details': '', 'ipa': '/ʃiː/', 'translation': 'она', 'translation_clean': 'она', 'translation_details': '', 'number': 'singular', 'person': 3, 'example_eng': 'She lives nearby.', 'example_ru': 'Она живёт рядом.', 'is_suspicious': 0, 'estimate': 'F', 'points': 0}, {'id': 21, 'category_eng': 'Personal Pronouns, subject form', 'category_ru': 'личные местоимения, именительный падеж', 'pronoun': 'it(personal-subject)', 'pronoun_clean': 'it', 'pronoun_details': 'personal-subject', 'ipa': '/ɪt/', 'translation': 'оно', 'translation_clean': 'оно', 'translation_details': '', 'number': 'singular', 'person': 3, 'example_eng': 'It looks delicious.', 'example_ru': 'Оно выглядит вкусно.', 'is_suspicious': 0, 'estimate': 'F', 'points': 0}, {'id': 6, 'category_eng': 'Personal Pronouns, subject form', 'category_ru': 'личные местоимения, именительный падеж', 'pronoun': 'you(personal-subject/singular)', 'pronoun_clean': 'you', 'pronoun_details': 'personal-subject/singular', 'ipa': '/juː/', 'translation': 'ты', 'translation_clean': 'ты', 'translation_details': '', 'number': 'singular', 'person': 2, 'example_eng': 'You can do it.', 'example_ru': 'Ты можешь это сделать.', 'is_suspicious': 0, 'estimate': 'F', 'points': 0}, {'id': 17, 'category_eng': 'Personal Pronouns, subject form', 'category_ru': 'личные местоимения, именительный падеж', 'pronoun': 'she', 'pronoun_clean': 'she', 'pronoun_details': '', 'ipa': '/ʃiː/', 'translation': 'она', 'translation_clean': 'она', 'translation_details': '', 'number': 'singular', 'person': 3, 'example_eng': 'She told me the truth.', 'example_ru': 'Она сказала мне правду.', 'is_suspicious': 0, 'estimate': 'F', 'points': 0}, {'id': 10, 'category_eng': 'Personal Pronouns, subject form', 'category_ru': 'личные местоимения, именительный падеж', 'pronoun': 'he', 'pronoun_clean': 'he', 'pronoun_details': '', 'ipa': '/hiː/', 'translation': 'он', 'translation_clean': 'он', 'translation_details': '', 'number': 'singular', 'person': 3, 'example_eng': 'He is a teacher.', 'example_ru': 'Он учитель.', 'is_suspicious': 0, 'estimate': 'F', 'points': 0}, {'id': 7, 'category_eng': 'Personal Pronouns, subject form', 'category_ru': 'личные местоимения, именительный падеж', 'pronoun': 'you(personal-subject/singular)', 'pronoun_clean': 'you', 'pronoun_details': 'personal-subject/singular', 'ipa': '/juː/', 'translation': 'ты', 'translation_clean': 'ты', 'translation_details': '', 'number': 'singular', 'person': 2, 'example_eng': 'You look tired.', 'example_ru': 'Ты выглядишь уставшим.', 'is_suspicious': 0, 'estimate': 'F', 'points': 0}, {'id': 26, 'category_eng': 'Personal Pronouns, subject form', 'category_ru': 'личные местоимения, именительный падеж', 'pronoun': 'we', 'pronoun_clean': 'we', 'pronoun_details': '', 'ipa': '/wiː/', 'translation': 'мы', 'translation_clean': 'мы', 'translation_details': '', 'number': 'plural', 'person': 1, 'example_eng': 'We will meet tomorrow.', 'example_ru': 'Мы встретимся завтра.', 'is_suspicious': 0, 'estimate': 'F', 'points': 0}, {'id': 38, 'category_eng': 'Personal Pronouns, subject form', 'category_ru': 'личные местоимения, именительный падеж', 'pronoun': 'they', 'pronoun_clean': 'they', 'pronoun_details': '', 'ipa': '/ðeɪ/', 'translation': 'они', 'translation_clean': 'они', 'translation_details': '', 'number': 'plural', 'person': 3, 'example_eng': 'Are they here yet?', 'example_ru': 'Они уже здесь?', 'is_suspicious': 0, 'estimate': 'F', 'points': 0}, {'id': 8, 'category_eng': 'Personal Pronouns, subject form', 'category_ru': 'личные местоимения, именительный падеж', 'pronoun': 'you(personal-subject/singular)', 'pronoun_clean': 'you', 'pronoun_details': 'personal-subject/singular', 'ipa': '/juː/', 'translation': 'ты', 'translation_clean': 'ты', 'translation_details': '', 'number': 'singular', 'person': 2, 'example_eng': 'Are you coming with us?', 'example_ru': 'Ты пойдёшь с нами?', 'is_suspicious': 0, 'estimate': 'F', 'points': 0}, {'id': 33, 'category_eng': 'Personal Pronouns, subject form', 'category_ru': 'личные местоимения, именительный падеж', 'pronoun': 'you (personal-subject/plural)', 'pronoun_clean': 'you', 'pronoun_details': 'personal-subject/plural', 'ipa': '/juː/', 'translation': 'вы', 'translation_clean': 'вы', 'translation_details': '', 'number': 'plural', 'person': 2, 'example_eng': 'Are you ready for the meeting?', 'example_ru': 'Вы готовы к встрече?', 'is_suspicious': 0, 'estimate': 'F', 'points': 0}, {'id': 28, 'category_eng': 'Personal Pronouns, subject form', 'category_ru': 'личные местоимения, именительный падеж', 'pronoun': 'we', 'pronoun_clean': 'we', 'pronoun_details': '', 'ipa': '/wiː/', 'translation': 'мы', 'translation_clean': 'мы', 'translation_details': '', 'number': 'plural', 'person': 1, 'example_eng': 'We are going to the park.', 'example_ru': 'Мы идём в парк.', 'is_suspicious': 0, 'estimate': 'F', 'points': 0}, {'id': 2, 'category_eng': 'Personal Pronouns, subject form', 'category_ru': 'личные местоимения, именительный падеж', 'pronoun': 'I', 'pronoun_clean': 'I', 'pronoun_details': '', 'ipa': '/aɪ/', 'translation': 'я', 'translation_clean': 'я', 'translation_details': '', 'number': 'singular', 'person': 1, 'example_eng': 'I will call you tomorrow.', 'example_ru': 'Я позвоню тебе завтра.', 'is_suspicious': 0, 'estimate': 'F', 'points': 0}, {'id': 5, 'category_eng': 'Personal Pronouns, subject form', 'category_ru': 'личные местоимения, именительный падеж', 'pronoun': 'you(personal-subject/singular)', 'pronoun_clean': 'you', 'pronoun_details': 'personal-subject/singular', 'ipa': '/juː/', 'translation': 'ты', 'translation_clean': 'ты', 'translation_details': '', 'number': 'singular', 'person': 2, 'example_eng': 'You are my friend.', 'example_ru': 'Ты мой друг.', 'is_suspicious': 0, 'estimate': 'F', 'points': 0}, {'id': 39, 'category_eng': 'Personal Pronouns, subject form', 'category_ru': 'личные местоимения, именительный падеж', 'pronoun': 'they', 'pronoun_clean': 'they', 'pronoun_details': '', 'ipa': '/ðeɪ/', 'translation': 'они', 'translation_clean': 'они', 'translation_details': '', 'number': 'plural', 'person': 3, 'example_eng': 'They enjoy traveling.', 'example_ru': 'Им нравится путешествовать.', 'is_suspicious': 0, 'estimate': 'F', 'points': 0}, {'id': 36, 'category_eng': 'Personal Pronouns, subject form', 'category_ru': 'личные местоимения, именительный падеж', 'pronoun': 'they', 'pronoun_clean': 'they', 'pronoun_details': '', 'ipa': '/ðeɪ/', 'translation': 'они', 'translation_clean': 'они', 'translation_details': '', 'number': 'plural', 'person': 3, 'example_eng': 'They work together.', 'example_ru': 'Они работают вместе.', 'is_suspicious': 0, 'estimate': 'F', 'points': 0}, {'id': 12, 'category_eng': 'Personal Pronouns, subject form', 'category_ru': 'личные местоимения, именительный падеж', 'pronoun': 'he', 'pronoun_clean': 'he', 'pronoun_details': '', 'ipa': '/hiː/', 'translation': 'он', 'translation_clean': 'он', 'translation_details': '', 'number': 'singular', 'person': 3, 'example_eng': 'He likes pizza.', 'example_ru': 'Он любит пиццу.', 'is_suspicious': 0, 'estimate': 'F', 'points': 0}, {'id': 18, 'category_eng': 'Personal Pronouns, subject form', 'category_ru': 'личные местоимения, именительный падеж', 'pronoun': 'she', 'pronoun_clean': 'she', 'pronoun_details': '', 'ipa': '/ʃiː/', 'translation': 'она', 'translation_clean': 'она', 'translation_details': '', 'number': 'singular', 'person': 3, 'example_eng': 'She is reading a book.', 'example_ru': 'Она читает книгу.', 'is_suspicious': 0, 'estimate': 'F', 'points': 0}, {'id': 25, 'category_eng': 'Personal Pronouns, subject form', 'category_ru': 'личные местоимения, именительный падеж', 'pronoun': 'we', 'pronoun_clean': 'we', 'pronoun_details': '', 'ipa': '/wiː/', 'translation': 'мы', 'translation_clean': 'мы', 'translation_details': '', 'number': 'plural', 'person': 1, 'example_eng': 'We are happy.', 'example_ru': 'Мы счастливы.', 'is_suspicious': 0, 'estimate': 'F', 'points': 0}, {'id': 29, 'category_eng': 'Personal Pronouns, subject form', 'category_ru': 'личные местоимения, именительный падеж', 'pronoun': 'we', 'pronoun_clean': 'we', 'pronoun_details': '', 'ipa': '/wiː/', 'translation': 'мы', 'translation_clean': 'мы', 'translation_details': '', 'number': 'plural', 'person': 1, 'example_eng': 'We need more time.', 'example_ru': 'Нам нужно больше времени.', 'is_suspicious': 0, 'estimate': 'F', 'points': 0}, {'id': 9, 'category_eng': 'Personal Pronouns, subject form', 'category_ru': 'личные местоимения, именительный падеж', 'pronoun': 'you(personal-subject/singular)', 'pronoun_clean': 'you', 'pronoun_details': 'personal-subject/singular', 'ipa': '/juː/', 'translation': 'ты', 'translation_clean': 'ты', 'translation_details': '', 'number': 'singular', 'person': 2, 'example_eng': 'You forgot your keys.', 'example_ru': 'Ты забыл свои ключи.', 'is_suspicious': 0, 'estimate': 'F', 'points': 0}, {'id': 35, 'category_eng': 'Personal Pronouns, subject form', 'category_ru': 'личные местоимения, именительный падеж', 'pronoun': 'they', 'pronoun_clean': 'they', 'pronoun_details': '', 'ipa': '/ðeɪ/', 'translation': 'они', 'translation_clean': 'они', 'translation_details': '', 'number': 'plural', 'person': 3, 'example_eng': 'They are coming.', 'example_ru': 'Они идут.', 'is_suspicious': 0, 'estimate': 'F', 'points': 0}, {'id': 14, 'category_eng': 'Personal Pronouns, subject form', 'category_ru': 'личные местоимения, именительный падеж', 'pronoun': 'he', 'pronoun_clean': 'he', 'pronoun_details': '', 'ipa': '/hiː/', 'translation': 'он', 'translation_clean': 'он', 'translation_details': '', 'number': 'singular', 'person': 3, 'example_eng': 'He went to the store.', 'example_ru': 'Он пошел в магазин.', 'is_suspicious': 0, 'estimate': 'F', 'points': 0}, {'id': 11, 'category_eng': 'Personal Pronouns, subject form', 'category_ru': 'личные местоимения, именительный падеж', 'pronoun': 'he', 'pronoun_clean': 'he', 'pronoun_details': '', 'ipa': '/hiː/', 'translation': 'он', 'translation_clean': 'он', 'translation_details': '', 'number': 'singular', 'person': 3, 'example_eng': 'He works every day.', 'example_ru': 'Он работает каждый день.', 'is_suspicious': 0, 'estimate': 'F', 'points': 0}, {'id': 27, 'category_eng': 'Personal Pronouns, subject form', 'category_ru': 'личные местоимения, именительный падеж', 'pronoun': 'we', 'pronoun_clean': 'we', 'pronoun_details': '', 'ipa': '/wiː/', 'translation': 'мы', 'translation_clean': 'мы', 'translation_details': '', 'number': 'plural', 'person': 1, 'example_eng': 'We like this place.', 'example_ru': 'Нам нравится это место.', 'is_suspicious': 0, 'estimate': 'F', 'points': 0}]
2025-02-21 11:34:21,327:main:INFO: {'code': 0, 'success': True, 'out': 'C:\\Users\\ilia\\Desktop\\00_init\\_eng', 'err': False}
2025-02-21 21:11:11,665:main:INFO: {'code': 0, 'success': True, 'out': '/home/df09/init/projects/works/glass/_eng', 'err': False}
2025-02-21 23:51:27,721:main:INFO: []
2025-02-21 23:51:40,415:main:INFO: []
2025-02-21 23:52:17,596:main:INFO: []
2025-02-21 23:53:36,424:main:INFO: [{'topic_name': 'test', 'a': 0, 'b': 0, 'c': 0, 'd': 0, 'f': 0, 'in_progress': 0, 'total': 100}]
2025-02-21 23:53:51,930:main:INFO: [{'topic_name': 'test', 'a': 0, 'b': 0, 'c': 0, 'd': 0, 'f': 0, 'in_progress': 0, 'total': 100}]
2025-02-21 23:54:10,743:main:INFO: [{'topic_name': 'test', 'a': 0, 'b': 1, 'c': 2, 'd': 3, 'f': 1, 'in_progress': 6, 'total': 100}]
2025-02-21 23:57:05,606:main:INFO: [{'topic_name': 'test', 'a': 0, 'b': 1, 'c': 2, 'd': 3, 'f': 1, 'in_progress': 6, 'total': 100}]
2025-02-21 23:58:00,680:main:INFO: [{'topic_name': 'test', 'a': 0, 'b': 1, 'c': 2, 'd': 3, 'f': 1, 'in_progress': 6, 'total': 100}, {'topic_name': 'test2', 'a': 5, 'b': 8, 'c': 4, 'd': 0, 'f': 0, 'in_progress': 9, 'total': 100}]
2025-02-21 23:59:52,904:main:INFO: [{'topic_id': 0, 'topic_name': 'test', 'a': 0, 'b': 1, 'c': 2, 'd': 3, 'f': 1, 'in_progress': 6, 'total': 100}, {'topic_id': 1, 'topic_name': 'test2', 'a': 5, 'b': 8, 'c': 4, 'd': 0, 'f': 0, 'in_progress': 9, 'total': 100}]
2025-02-22 00:01:22,340:main:INFO: [{'topic_id': 0, 'topic_name': 'test', 'a': 0, 'b': 1, 'c': 2, 'd': 3, 'f': 1, 'in_progress': 6, 'total': 100}, {'topic_id': 1, 'topic_name': 'test2', 'a': 5, 'b': 8, 'c': 4, 'd': 0, 'f': 0, 'in_progress': 9, 'total': 100}]
2025-02-22 14:48:45,216:main:INFO: -------
2025-02-22 14:48:45,216:main:INFO: <class 'NoneType'>
2025-02-22 14:48:45,216:main:INFO: None
2025-02-22 14:48:45,216:main:INFO: -------
2025-02-22 14:49:14,996:main:INFO: -------
2025-02-22 14:49:14,996:main:INFO: <class 'str'>
2025-02-22 14:49:14,996:main:INFO: 0
2025-02-22 14:49:14,996:main:INFO: -------
2025-02-22 18:28:40,951:main:INFO:                           question         correct                                          options
id                                                                                                 
0          change file permissions  chmod 755 file  chmod 777 file; chmod 755 file; chown user file
1   properly kill a process by PID     kill -9 PID                kill PID; kill -9 PID; rm -rf PID
2                     switch users        su; sudo                             su; sudo; ls -l; man
2025-02-22 18:29:22,543:main:INFO:                           question         correct                                          options
id                                                                                                 
0          change file permissions  chmod 755 file  chmod 777 file; chmod 755 file; chown user file
1   properly kill a process by PID     kill -9 PID                kill PID; kill -9 PID; rm -rf PID
2                     switch users        su; sudo                             su; sudo; ls -l; man
2025-02-22 18:29:35,377:main:INFO:                           question         correct                                          options
id                                                                                                 
0          change file permissions  chmod 755 file  chmod 777 file; chmod 755 file; chown user file
1   properly kill a process by PID     kill -9 PID                kill PID; kill -9 PID; rm -rf PID
2                     switch users        su; sudo                             su; sudo; ls -l; man
2025-02-22 18:30:25,010:main:INFO:                           question         correct                                          options
id                                                                                                 
0          change file permissions  chmod 755 file  chmod 777 file; chmod 755 file; chown user file
1   properly kill a process by PID     kill -9 PID                kill PID; kill -9 PID; rm -rf PID
2                     switch users        su; sudo                             su; sudo; ls -l; man
2025-02-22 18:30:25,014:main:WARNING: ['question', 'correct', 'options']
2025-02-22 18:42:18,581:main:INFO: >>>>>>
2025-02-22 18:42:18,581:main:INFO: {'question': 'switch users', 'correct': 'su; sudo', 'options': 'su; sudo; ls -l; man', 'kind': 'selects', 'translation': nan}
2025-02-22 18:42:18,581:main:INFO: <<<<<<
2025-02-22 18:43:22,221:main:INFO: >>>>>>
2025-02-22 18:43:22,221:main:INFO: {'question': 'change file permissions', 'correct': 'chmod 755 file', 'options': 'chmod 777 file; chmod 755 file; chown user file', 'kind': 'select', 'translation': nan}
2025-02-22 18:43:22,221:main:INFO: <<<<<<
2025-02-22 19:30:10,406:main:INFO:                                             question                                        translation
0                         current directory: _(pwd).                    вывести текущий каталог: [pwd].
1  view last 10 lines of a file: _(tail -n 10) <f...  посмотреть последние 10 строк файла: [tail -n ...
2  find files with "bash" in name: _(find . -name...  найти файлы с "bash" в названии: [find . -name...
2025-02-22 19:32:07,112:main:INFO: 0
2025-02-22 19:32:07,112:main:INFO: single
2025-02-22 19:32:07,112:main:INFO: 4
2025-02-22 19:36:01,157:main:INFO: 0
2025-02-22 19:36:01,157:main:INFO: single
2025-02-22 19:36:01,157:main:INFO: 4
2025-02-22 19:38:08,073:main:INFO: 0
2025-02-22 19:38:08,073:main:INFO: single
2025-02-22 19:38:08,073:main:INFO: 4
2025-02-22 19:39:35,771:main:INFO: 0
2025-02-22 19:39:35,771:main:INFO: single
2025-02-22 19:39:35,771:main:INFO: 4
2025-02-22 19:40:03,497:main:INFO: 0
2025-02-22 19:40:03,497:main:INFO: single
2025-02-22 19:40:03,497:main:INFO: 4
2025-02-22 19:40:37,941:main:INFO: 0
2025-02-22 19:40:37,942:main:INFO: single
2025-02-22 19:40:37,942:main:INFO: 4
2025-02-22 19:42:02,387:main:INFO: 0
2025-02-22 19:42:02,388:main:INFO: single
2025-02-22 19:42:02,388:main:INFO: 4
2025-02-22 19:42:11,234:main:INFO: 0
2025-02-22 19:42:11,234:main:INFO: single
2025-02-22 19:42:11,234:main:INFO: 4
2025-02-22 19:42:20,575:main:INFO: 0
2025-02-22 19:42:20,575:main:INFO: single
2025-02-22 19:42:20,575:main:INFO: 4
2025-02-22 19:43:00,031:main:INFO: 0
2025-02-22 19:43:00,032:main:INFO: single
2025-02-22 19:43:00,032:main:INFO: 4
2025-02-22 19:44:04,884:main:INFO: >>> df_progress_combined:
2025-02-22 19:44:04,884:main:INFO:   id topic_id question_kind question_id points estimation  estimation_numeric
0  0        0        select           0      0          F                   1
1  1        0        select           1      0          F                   1
2  2        0        select           2      0          F                   1
5  5        0        single           3      0          F                   1
2025-02-22 19:44:04,889:main:INFO: <<<
2025-02-22 19:44:04,889:main:INFO: >>> candidates:
2025-02-22 19:44:04,889:main:INFO:   id topic_id question_kind question_id points estimation  estimation_numeric
0  0        0        select           0      0          F                   1
1  1        0        select           1      0          F                   1
2  2        0        select           2      0          F                   1
5  5        0        single           3      0          F                   1
2025-02-22 19:44:04,894:main:INFO: <<<
2025-02-22 19:44:14,884:main:INFO: >>> df_progress_combined:
2025-02-22 19:44:14,884:main:INFO:   id topic_id question_kind question_id points estimation  estimation_numeric
0  0        0        select           0      0          F                   1
1  1        0        select           1      0          F                   1
2  2        0        select           2      0          F                   1
5  5        0        single           3      0          F                   1
2025-02-22 19:44:14,888:main:INFO: <<<
2025-02-22 19:44:14,889:main:INFO: >>> candidates:
2025-02-22 19:44:14,889:main:INFO:   id topic_id question_kind question_id points estimation  estimation_numeric
0  0        0        select           0      0          F                   1
1  1        0        select           1      0          F                   1
2  2        0        select           2      0          F                   1
5  5        0        single           3      0          F                   1
2025-02-22 19:44:14,893:main:INFO: <<<
2025-02-22 19:44:14,893:main:INFO: >>> question:
2025-02-22 19:44:14,893:main:INFO: id                         0
topic_id                   0
question_kind         select
question_id                0
points                     0
estimation                 F
estimation_numeric         1
Name: 0, dtype: object
2025-02-22 19:44:14,894:main:INFO: <<<
2025-02-22 19:44:25,429:main:INFO: >>> df_progress_combined:
2025-02-22 19:44:25,429:main:INFO:   id topic_id question_kind question_id points estimation  estimation_numeric
0  0        0        select           0      0          F                   1
1  1        0        select           1      0          F                   1
2  2        0        select           2      0          F                   1
5  5        0        single           3      0          F                   1
2025-02-22 19:44:25,434:main:INFO: <<<
2025-02-22 19:44:25,434:main:INFO: >>> candidates:
2025-02-22 19:44:25,434:main:INFO:   id topic_id question_kind question_id points estimation  estimation_numeric
0  0        0        select           0      0          F                   1
1  1        0        select           1      0          F                   1
2  2        0        select           2      0          F                   1
5  5        0        single           3      0          F                   1
2025-02-22 19:44:25,439:main:INFO: <<<
2025-02-22 19:44:25,439:main:INFO: >>> question:
2025-02-22 19:44:25,439:main:INFO: id                         0
topic_id                   0
question_kind         select
question_id                0
points                     0
estimation                 F
estimation_numeric         1
Name: 0, dtype: object
2025-02-22 19:44:25,439:main:INFO: <<<
2025-02-22 19:44:25,454:main:INFO: 0
2025-02-22 19:44:25,454:main:INFO: select
2025-02-22 19:44:25,454:main:INFO: 0
